[template.drcash.sh/a91294f6-391e-488b-b846-6662436b7c46.html]
[backblue.gif]
[fade.gif]
[index.html]
[template.drcash.sh/prostanix_ldp_indo.html]
[w.ladicdn.com/v2/source/ladipage.vi.minea3f.js]
[w.ladicdn.com/s1440x830/5da6cb07a973800e7e31908d/bg-20201207092036.png]
[w.ladicdn.com/s1440x1003/5da6cb07a973800e7e31908d/bg-hell-20210219072508.jpg]
[w.ladicdn.com/s1440x1025/5da6cb07a973800e7e31908d/bg_why-20210219074028.jpg]
[w.ladicdn.com/s1440x1002/5da6cb07a973800e7e31908d/bg-formula-20210219085023.jpg]
[w.ladicdn.com/s350x350/5da6cb07a973800e7e31908d/icons-pack-20210219042332.png]
[w.ladicdn.com/s350x350/5da6cb07a973800e7e31908d/icons-pack1-20210219042333.png]
[w.ladicdn.com/s800x750/5da6cb07a973800e7e31908d/decor-prostanix-20210223071309.png]
[w.ladicdn.com/s1450x950/5da6cb07a973800e7e31908d/bg-test-block-20210219070442.jpg]
[w.ladicdn.com/s500x500/5da6cb07a973800e7e31908d/h01-20210219071944.png]
[w.ladicdn.com/s500x500/5da6cb07a973800e7e31908d/h02-20210219071944.png]
[w.ladicdn.com/s500x500/5da6cb07a973800e7e31908d/h03-20210219071944.png]
[w.ladicdn.com/s500x500/5da6cb07a973800e7e31908d/h04-20210219071944.png]
[w.ladicdn.com/s500x500/5da6cb07a973800e7e31908d/h05-20210219071944.png]
[w.ladicdn.com/s900x950/5da6cb07a973800e7e31908d/doc-20210219073727.png]
[w.ladicdn.com/s400x400/5da6cb07a973800e7e31908d/f-20210219074719.png]
[w.ladicdn.com/s400x400/5da6cb07a973800e7e31908d/x-20210219074719.png]
[w.ladicdn.com/s350x400/5da6cb07a973800e7e31908d/icons-pack21-20210219074719.png]
[w.ladicdn.com/s400x400/5da6cb07a973800e7e31908d/icons-packc-20210219074719.png]
[w.ladicdn.com/s400x400/5da6cb07a973800e7e31908d/icons-packa-20210219074719.png]
[w.ladicdn.com/s650x600/5da6cb07a973800e7e31908d/prostanix-20210219042128.png]
[w.ladicdn.com/s450x450/5da6cb07a973800e7e31908d/tag-01-20200819100858.png]
[w.ladicdn.com/s800x750/5da6cb07a973800e7e31908d/clinical-test-ironprost2-20210223071217.png]
[w.ladicdn.com/s800x750/5da6cb07a973800e7e31908d/clinical-test-other1-20210223071222.png]
[w.ladicdn.com/s550x550/5da6cb07a973800e7e31908d/img1-20210222074447.png]
[w.ladicdn.com/s450x350/5da6cb07a973800e7e31908d/arrow-dotted-20210219085427.png]
[w.ladicdn.com/s500x500/5da6cb07a973800e7e31908d/icon6-20201012074835.png]
[w.ladicdn.com/s1440x488/5da6cb07a973800e7e31908d/bg-easy-20210219090838.jpg]
[w.ladicdn.com/s500x500/5da6cb07a973800e7e31908d/ok-20210219090453.png]
[w.ladicdn.com/s500x500/5da6cb07a973800e7e31908d/e01-20210219090858.png]
[w.ladicdn.com/s500x500/5da6cb07a973800e7e31908d/e02-20210219090858.png]
[w.ladicdn.com/s500x500/5da6cb07a973800e7e31908d/e03-20210219090858.png]
[w.ladicdn.com/s1440x809/5da6cb07a973800e7e31908d/bg-future-20210219092025.jpg]
[w.ladicdn.com/s850x600/5da6cb07a973800e7e31908d/so_do-20210304121336.png]
[w.ladicdn.com/s350x350/5da6cb07a973800e7e31908d/icons-pack2-20210219092134.png]
[w.ladicdn.com/s1440x430/5da6cb07a973800e7e31908d/bg2-20200722035835.jpg]
[w.ladicdn.com/s500x500/5da6cb07a973800e7e31908d/t01-20210219092809.png]
[w.ladicdn.com/s500x500/5da6cb07a973800e7e31908d/t02-20210219092809.png]
[w.ladicdn.com/s500x500/5da6cb07a973800e7e31908d/t03-20210219092809.png]
[w.ladicdn.com/s1440x645/5da6cb07a973800e7e31908d/bg-map-20210221181910.jpg]
[w.ladicdn.com/s450x450/5da6cb07a973800e7e31908d/icons-pack3-20210221181117.png]
[w.ladicdn.com/s450x450/5da6cb07a973800e7e31908d/icons-pack2-20210221181117.png]
[w.ladicdn.com/s450x450/5da6cb07a973800e7e31908d/icons-pack1-20210221181117.png]
[w.ladicdn.com/s450x450/5da6cb07a973800e7e31908d/icons-pack-20210221181117.png]
[w.ladicdn.com/s1450x1100/5da6cb07a973800e7e31908d/indonesian-map-20210222155935.png]
[w.ladicdn.com/s1000x950/5da6cb07a973800e7e31908d/men-ok-20210221183020.png]
[w.ladicdn.com/s950x900/5da6cb07a973800e7e31908d/men-ok-20210221183020.png]
[w.ladicdn.com/s700x700/5da6cb07a973800e7e31908d/prostanix-20210219042128.png]
[w.ladicdn.com/s1440x754/5da6cb07a973800e7e31908d/bg-20200803042908.jpg]
[w.ladicdn.com/s1350x900/5da6cb07a973800e7e31908d/6032b21985bd3-20210221192023.jpg]
[w.ladicdn.com/s400x400/5da6cb07a973800e7e31908d/icons-pack5-20210221181117.png]
[w.ladicdn.com/s400x400/5da6cb07a973800e7e31908d/icons-pack4-20210221181117.png]
[w.ladicdn.com/s400x400/5da6cb07a973800e7e31908d/icons-pack6-20210221181117.png]
[w.ladicdn.com/s450x350/5da6cb07a973800e7e31908d/icons-pack1-20210222035743.png]
[w.ladicdn.com/s500x350/5da6cb07a973800e7e31908d/prostanix-02-20210223064806.png]
[w.ladicdn.com/s400x350/5c7362c6c417ab07e5196b05/sdfsd-20200925020804.png]
[w.ladicdn.com/s768x1769/5da6cb07a973800e7e31908d/bg-20201207092036.png]
[w.ladicdn.com/s768x2332/5da6cb07a973800e7e31908d/bg-hell-20210219072508.jpg]
[w.ladicdn.com/s768x1889/5da6cb07a973800e7e31908d/bg_why-20210219074028.jpg]
[w.ladicdn.com/s768x1684/5da6cb07a973800e7e31908d/bg-formula-20210219085023.jpg]
[w.ladicdn.com/s650x650/5da6cb07a973800e7e31908d/decor-prostanix-20210223071309.png]
[w.ladicdn.com/s1050x750/5da6cb07a973800e7e31908d/bg-test-block-20210219070442.jpg]
[w.ladicdn.com/s650x650/5da6cb07a973800e7e31908d/doc-20210219073727.png]
[w.ladicdn.com/s650x600/5da6cb07a973800e7e31908d/decor-prostanix-20210223071309.png]
[w.ladicdn.com/s750x700/5da6cb07a973800e7e31908d/clinical-test-ironprost2-20210223071217.png]
[w.ladicdn.com/s750x700/5da6cb07a973800e7e31908d/clinical-test-other1-20210223071222.png]
[w.ladicdn.com/s400x350/5da6cb07a973800e7e31908d/arrow-dotted-20210219085427.png]
[w.ladicdn.com/s500x450/5da6cb07a973800e7e31908d/icon6-20201012074835.png]
[w.ladicdn.com/s768x1061/5da6cb07a973800e7e31908d/bg-easy-20210219090838.jpg]
[w.ladicdn.com/s768x753/5da6cb07a973800e7e31908d/bg-future-20210219092025.jpg]
[w.ladicdn.com/s700x550/5da6cb07a973800e7e31908d/so_do-20210304121336.png]
[w.ladicdn.com/s768x1073/5da6cb07a973800e7e31908d/bg2-20200722035835.jpg]
[w.ladicdn.com/s1100x850/5da6cb07a973800e7e31908d/indonesian-map-20210222155935.png]
[w.ladicdn.com/s700x650/5da6cb07a973800e7e31908d/men-ok-20210221183020.png]
[w.ladicdn.com/s650x650/5da6cb07a973800e7e31908d/prostanix-20210219042128.png]
[w.ladicdn.com/s768x1802/5da6cb07a973800e7e31908d/bg-20200803042908.jpg]
[w.ladicdn.com/s950x700/5da6cb07a973800e7e31908d/6032b21985bd3-20210221192023.jpg]
[w.ladicdn.com/s450x450/5da6cb07a973800e7e31908d/icons-pack5-20210221181117.png]
[w.ladicdn.com/s450x450/5da6cb07a973800e7e31908d/icons-pack4-20210221181117.png]
[w.ladicdn.com/s450x450/5da6cb07a973800e7e31908d/icons-pack6-20210221181117.png]
[template.drcash.sh/a91294f6-391e-488b-b846-6662436b7c46.html]
[template.drcash.sh/prostanix_ldp_indo.html]
[w.ladicdn.com/v2/source/ladipage.minea3f.css]
[code.jquery.com/jquery-3.4.1.js]
[w.ladicdn.com/v2/source/ladipage.minea3f.css]
[w.ladicdn.com_443/5da6cb07a973800e7e31908d/prostanix-20210219042128.png]
